<?xml version="1.0" encoding="UTF-8"?>
<!-- Generated by org.testng.reporters.JUnitXMLReporter -->
<testsuite ignored="0" hostname="SeenaReddy" failures="1" tests="2" name="Test" time="0.039" errors="0" timestamp="2022-12-18T21:32:41 CST">
  <testcase classname="testNG_Listeneres.TestNew" name="add" time="0.005"/>
  <testcase classname="testNG_Listeneres.TestNew" name="testtofail" time="0.004">
    <failure type="java.lang.AssertionError" message="expected [true] but found [false]">
      <![CDATA[java.lang.AssertionError: expected [true] but found [false]
at testNG_Listeneres.TestNew.testtofail(TestNew.java:22)
at java.base/java.util.ArrayList.forEach(ArrayList.java:1511)
... Removed 31 stack frames]]>
    </failure>
  </testcase> <!-- testtofail -->
</testsuite> <!-- Test -->
