<?xml version="1.0" encoding="UTF-8"?>
<!-- Generated by org.testng.reporters.JUnitXMLReporter -->
<testsuite ignored="0" hostname="DESKTOP-5CPAH1B" failures="2" tests="9" name="MyTestResults" time="56.638" errors="0" timestamp="2022-10-20T19:11:47 CDT">
  <testcase classname="myTestNG.GetTTDwebpageDropdowns" name="getDD" time="0.284"/>
  <testcase classname="myTestNG.BlazeDemo" name="f" time="3.681"/>
  <testcase classname="myTestNG.PrintGoogleHeyperLinks" name="tc_001" time="0.171"/>
  <testcase classname="myTestNG.AssertAndVerify" name="HardAssertions" time="0.009">
    <failure type="java.lang.AssertionError" message="expected [asim] but found [Asim]">
      <![CDATA[java.lang.AssertionError: expected [asim] but found [Asim]
at myTestNG.AssertAndVerify.HardAssertions(AssertAndVerify.java:31)
at java.base/java.util.ArrayList.forEach(ArrayList.java:1541)
... Removed 33 stack frames]]>
    </failure>
  </testcase> <!-- HardAssertions -->
  <testcase classname="myTestNG.AssertAndVerify" name="SoftAssertions" time="0.011">
    <failure type="java.lang.AssertionError" message="The following asserts failed:
	expected [asim] but found [Asim]">
      <![CDATA[java.lang.AssertionError: The following asserts failed:
expected [asim] but found [Asim]
at myTestNG.AssertAndVerify.SoftAssertions(AssertAndVerify.java:51)
at java.base/java.util.ArrayList.forEach(ArrayList.java:1541)
... Removed 29 stack frames]]>
    </failure>
  </testcase> <!-- SoftAssertions -->
  <testcase classname="myTestNG.AssertAndVerify" name="f" time="0.002"/>
  <testcase classname="myTestNG.AnnotationsThree" name="a" time="0.002"/>
  <testcase classname="myTestNG.AnnotationsThree" name="f" time="0.001"/>
  <testcase classname="apachePOI.FB_Retesting" name="getDataFromExcel" time="34.449"/>
</testsuite> <!-- MyTestResults -->
