<?xml version="1.0" encoding="UTF-8"?>
<testng-results ignored="0" total="1" passed="1" failed="0" skipped="0">
  <reporter-output>
  </reporter-output>
  <suite started-at="2023-02-18T11:36:26 CST" name="Default suite" finished-at="2023-02-18T11:36:32 CST" duration-ms="5857">
    <groups>
    </groups>
    <test started-at="2023-02-18T11:36:26 CST" name="Default test" finished-at="2023-02-18T11:36:32 CST" duration-ms="5857">
      <class name="actions.MouseMove">
        <test-method is-config="true" signature="beforeClass(java.lang.String)[pri:0, instance:actions.MouseMove@7db12bb6]" started-at="2023-02-18T11:36:26 CST" name="beforeClass" finished-at="2023-02-18T11:36:28 CST" duration-ms="2721" status="PASS">
          <params>
            <param index="0">
              <value>
                <![CDATA[chrome]]>
              </value>
            </param>
          </params>
          <reporter-output>
          </reporter-output>
        </test-method> <!-- beforeClass -->
        <test-method signature="tc_05_CopyPaste()[pri:0, instance:actions.MouseMove@7db12bb6]" started-at="2023-02-18T11:36:28 CST" name="tc_05_CopyPaste" finished-at="2023-02-18T11:36:32 CST" duration-ms="3110" status="PASS">
          <reporter-output>
          </reporter-output>
        </test-method> <!-- tc_05_CopyPaste -->
      </class> <!-- actions.MouseMove -->
    </test> <!-- Default test -->
  </suite> <!-- Default suite -->
</testng-results>
